c:\users\walker\documents\github\cugl\external\sdl_app\buildfiles\windows\sdl3ttf\objs\sdl3ttf\x64\debug\fttype1.obj
c:\users\walker\documents\github\cugl\external\sdl_app\buildfiles\windows\sdl3ttf\objs\sdl3ttf\x64\debug\ftsystem.obj
c:\users\walker\documents\github\cugl\external\sdl_app\buildfiles\windows\sdl3ttf\objs\sdl3ttf\x64\debug\ftsynth.obj
c:\users\walker\documents\github\cugl\external\sdl_app\buildfiles\windows\sdl3ttf\objs\sdl3ttf\x64\debug\ftstroke.obj
c:\users\walker\documents\github\cugl\external\sdl_app\buildfiles\windows\sdl3ttf\objs\sdl3ttf\x64\debug\ftpfr.obj
c:\users\walker\documents\github\cugl\external\sdl_app\buildfiles\windows\sdl3ttf\objs\sdl3ttf\x64\debug\ftpatent.obj
c:\users\walker\documents\github\cugl\external\sdl_app\buildfiles\windows\sdl3ttf\objs\sdl3ttf\x64\debug\ftotval.obj
c:\users\walker\documents\github\cugl\external\sdl_app\buildfiles\windows\sdl3ttf\objs\sdl3ttf\x64\debug\ftmm.obj
c:\users\walker\documents\github\cugl\external\sdl_app\buildfiles\windows\sdl3ttf\objs\sdl3ttf\x64\debug\ftinit.obj
c:\users\walker\documents\github\cugl\external\sdl_app\buildfiles\windows\sdl3ttf\objs\sdl3ttf\x64\debug\ftgxval.obj
c:\users\walker\documents\github\cugl\external\sdl_app\buildfiles\windows\sdl3ttf\objs\sdl3ttf\x64\debug\ftglyph.obj
c:\users\walker\documents\github\cugl\external\sdl_app\buildfiles\windows\sdl3ttf\objs\sdl3ttf\x64\debug\ftgasp.obj
c:\users\walker\documents\github\cugl\external\sdl_app\buildfiles\windows\sdl3ttf\objs\sdl3ttf\x64\debug\ftfstype.obj
c:\users\walker\documents\github\cugl\external\sdl_app\buildfiles\windows\sdl3ttf\objs\sdl3ttf\x64\debug\ftdebug.obj
c:\users\walker\documents\github\cugl\external\sdl_app\buildfiles\windows\sdl3ttf\objs\sdl3ttf\x64\debug\ftcid.obj
c:\users\walker\documents\github\cugl\external\sdl_app\buildfiles\windows\sdl3ttf\objs\sdl3ttf\x64\debug\ftbitmap.obj
c:\users\walker\documents\github\cugl\external\sdl_app\buildfiles\windows\sdl3ttf\objs\sdl3ttf\x64\debug\ftbdf.obj
c:\users\walker\documents\github\cugl\external\sdl_app\buildfiles\windows\sdl3ttf\objs\sdl3ttf\x64\debug\ftbbox.obj
c:\users\walker\documents\github\cugl\external\sdl_app\buildfiles\windows\sdl3ttf\objs\sdl3ttf\x64\debug\ftbase.obj
c:\users\walker\documents\github\cugl\external\sdl_app\buildfiles\windows\sdl3ttf\objs\sdl3ttf\x64\debug\autofit.obj
c:\users\walker\documents\github\cugl\external\sdl_app\buildfiles\windows\sdl3ttf\objs\sdl3ttf\x64\debug\type42.obj
c:\users\walker\documents\github\cugl\external\sdl_app\buildfiles\windows\sdl3ttf\objs\sdl3ttf\x64\debug\type1.obj
c:\users\walker\documents\github\cugl\external\sdl_app\buildfiles\windows\sdl3ttf\objs\sdl3ttf\x64\debug\truetype.obj
c:\users\walker\documents\github\cugl\external\sdl_app\buildfiles\windows\sdl3ttf\objs\sdl3ttf\x64\debug\smooth.obj
c:\users\walker\documents\github\cugl\external\sdl_app\buildfiles\windows\sdl3ttf\objs\sdl3ttf\x64\debug\svg.obj
c:\users\walker\documents\github\cugl\external\sdl_app\buildfiles\windows\sdl3ttf\objs\sdl3ttf\x64\debug\sfnt.obj
c:\users\walker\documents\github\cugl\external\sdl_app\buildfiles\windows\sdl3ttf\objs\sdl3ttf\x64\debug\sdf.obj
c:\users\walker\documents\github\cugl\external\sdl_app\buildfiles\windows\sdl3ttf\objs\sdl3ttf\x64\debug\raster.obj
c:\users\walker\documents\github\cugl\external\sdl_app\buildfiles\windows\sdl3ttf\objs\sdl3ttf\x64\debug\psmodule.obj
c:\users\walker\documents\github\cugl\external\sdl_app\buildfiles\windows\sdl3ttf\objs\sdl3ttf\x64\debug\pshinter.obj
c:\users\walker\documents\github\cugl\external\sdl_app\buildfiles\windows\sdl3ttf\objs\sdl3ttf\x64\debug\psaux.obj
c:\users\walker\documents\github\cugl\external\sdl_app\buildfiles\windows\sdl3ttf\objs\sdl3ttf\x64\debug\pfr.obj
c:\users\walker\documents\github\cugl\external\sdl_app\buildfiles\windows\sdl3ttf\objs\sdl3ttf\x64\debug\pcf.obj
c:\users\walker\documents\github\cugl\external\sdl_app\buildfiles\windows\sdl3ttf\objs\sdl3ttf\x64\debug\ftlzw.obj
c:\users\walker\documents\github\cugl\external\sdl_app\buildfiles\windows\sdl3ttf\objs\sdl3ttf\x64\debug\ftgzip.obj
c:\users\walker\documents\github\cugl\external\sdl_app\buildfiles\windows\sdl3ttf\objs\sdl3ttf\x64\debug\type1cid.obj
c:\users\walker\documents\github\cugl\external\sdl_app\buildfiles\windows\sdl3ttf\objs\sdl3ttf\x64\debug\cff.obj
c:\users\walker\documents\github\cugl\external\sdl_app\buildfiles\windows\sdl3ttf\objs\sdl3ttf\x64\debug\ftcache.obj
c:\users\walker\documents\github\cugl\external\sdl_app\buildfiles\windows\sdl3ttf\objs\sdl3ttf\x64\debug\bdf.obj
c:\users\walker\documents\github\cugl\external\sdl_app\buildfiles\windows\sdl3ttf\objs\sdl3ttf\x64\debug\ftwinfnt.obj
c:\users\walker\documents\github\cugl\external\sdl_app\buildfiles\windows\sdl3ttf\objs\sdl3ttf\x64\debug\sdl_ttf.obj
c:\users\walker\documents\github\cugl\external\sdl_app\buildfiles\windows\sdl3ttf\objs\sdl3ttf\x64\debug\sdl_surface_textengine.obj
c:\users\walker\documents\github\cugl\external\sdl_app\buildfiles\windows\sdl3ttf\objs\sdl3ttf\x64\debug\sdl_renderer_textengine.obj
c:\users\walker\documents\github\cugl\external\sdl_app\buildfiles\windows\sdl3ttf\objs\sdl3ttf\x64\debug\sdl_hashtable_ttf.obj
c:\users\walker\documents\github\cugl\external\sdl_app\buildfiles\windows\sdl3ttf\objs\sdl3ttf\x64\debug\sdl_hashtable.obj
c:\users\walker\documents\github\cugl\external\sdl_app\buildfiles\windows\sdl3ttf\objs\sdl3ttf\x64\debug\sdl_gpu_textengine.obj
c:\users\walker\documents\github\cugl\external\sdl_app\buildfiles\windows\sdl3ttf\objs\sdl3ttf\x64\debug\plutosvg.obj
c:\users\walker\documents\github\cugl\external\sdl_app\buildfiles\windows\sdl3ttf\objs\sdl3ttf\x64\debug\plutovg-surface.obj
c:\users\walker\documents\github\cugl\external\sdl_app\buildfiles\windows\sdl3ttf\objs\sdl3ttf\x64\debug\plutovg-rasterize.obj
c:\users\walker\documents\github\cugl\external\sdl_app\buildfiles\windows\sdl3ttf\objs\sdl3ttf\x64\debug\plutovg-path.obj
c:\users\walker\documents\github\cugl\external\sdl_app\buildfiles\windows\sdl3ttf\objs\sdl3ttf\x64\debug\plutovg-paint.obj
c:\users\walker\documents\github\cugl\external\sdl_app\buildfiles\windows\sdl3ttf\objs\sdl3ttf\x64\debug\plutovg-matrix.obj
c:\users\walker\documents\github\cugl\external\sdl_app\buildfiles\windows\sdl3ttf\objs\sdl3ttf\x64\debug\plutovg-ft-stroker.obj
c:\users\walker\documents\github\cugl\external\sdl_app\buildfiles\windows\sdl3ttf\objs\sdl3ttf\x64\debug\plutovg-ft-raster.obj
c:\users\walker\documents\github\cugl\external\sdl_app\buildfiles\windows\sdl3ttf\objs\sdl3ttf\x64\debug\plutovg-ft-math.obj
c:\users\walker\documents\github\cugl\external\sdl_app\buildfiles\windows\sdl3ttf\objs\sdl3ttf\x64\debug\plutovg-font.obj
c:\users\walker\documents\github\cugl\external\sdl_app\buildfiles\windows\sdl3ttf\objs\sdl3ttf\x64\debug\plutovg-canvas.obj
c:\users\walker\documents\github\cugl\external\sdl_app\buildfiles\windows\sdl3ttf\objs\sdl3ttf\x64\debug\plutovg-blend.obj
c:\users\walker\documents\github\cugl\external\sdl_app\buildfiles\windows\sdl3ttf\objs\sdl3ttf\x64\debug\winfnt.obj
c:\users\walker\documents\github\cugl\external\sdl_app\buildfiles\windows\sdl3ttf\objs\sdl3ttf\x64\debug\harfbuzz.obj
c:\users\walker\documents\github\cugl\external\sdl_app\buildfiles\windows\sdl3ttf\x64\debug\sdl3ttf.lib
c:\users\walker\documents\github\cugl\external\sdl_app\buildfiles\windows\sdl3ttf\objs\sdl3ttf\x64\debug\version.res
c:\users\walker\documents\github\cugl\external\sdl_app\buildfiles\windows\sdl3ttf\objs\sdl3ttf\x64\debug\sdl3ttf.vcxproj.filelistabsolute.txt
c:\users\walker\documents\github\cugl\external\sdl_app\buildfiles\windows\sdl3ttf\objs\sdl3ttf\x64\debug\sdl3ttf.tlog\cl.command.1.tlog
c:\users\walker\documents\github\cugl\external\sdl_app\buildfiles\windows\sdl3ttf\objs\sdl3ttf\x64\debug\sdl3ttf.tlog\cl.items.tlog
c:\users\walker\documents\github\cugl\external\sdl_app\buildfiles\windows\sdl3ttf\objs\sdl3ttf\x64\debug\sdl3ttf.tlog\cl.read.1.tlog
c:\users\walker\documents\github\cugl\external\sdl_app\buildfiles\windows\sdl3ttf\objs\sdl3ttf\x64\debug\sdl3ttf.tlog\cl.write.1.tlog
c:\users\walker\documents\github\cugl\external\sdl_app\buildfiles\windows\sdl3ttf\objs\sdl3ttf\x64\debug\sdl3ttf.tlog\lib-link-cvtres.read.1.tlog
c:\users\walker\documents\github\cugl\external\sdl_app\buildfiles\windows\sdl3ttf\objs\sdl3ttf\x64\debug\sdl3ttf.tlog\lib-link-cvtres.write.1.tlog
c:\users\walker\documents\github\cugl\external\sdl_app\buildfiles\windows\sdl3ttf\objs\sdl3ttf\x64\debug\sdl3ttf.tlog\lib.command.1.tlog
c:\users\walker\documents\github\cugl\external\sdl_app\buildfiles\windows\sdl3ttf\objs\sdl3ttf\x64\debug\sdl3ttf.tlog\rc.command.1.tlog
c:\users\walker\documents\github\cugl\external\sdl_app\buildfiles\windows\sdl3ttf\objs\sdl3ttf\x64\debug\sdl3ttf.tlog\rc.read.1.tlog
c:\users\walker\documents\github\cugl\external\sdl_app\buildfiles\windows\sdl3ttf\objs\sdl3ttf\x64\debug\sdl3ttf.tlog\rc.write.1.tlog
