  autofit.c
  ftbase.c
  ftbbox.c
  ftbdf.c
  ftbitmap.c
  ftcid.c
  ftdebug.c
  ftfstype.c
  ftgasp.c
  ftglyph.c
  ftgxval.c
  ftinit.c
  ftmm.c
  ftotval.c
  ftpatent.c
  ftpfr.c
  ftstroke.c
  ftsynth.c
  ftsystem.c
  fttype1.c
  Generating Code...
  Compiling...
  ftwinfnt.c
  bdf.c
  ftcache.c
  cff.c
  type1cid.c
  ftgzip.c
  ftlzw.c
  pcf.c
  pfr.c
  psaux.c
  pshinter.c
  psmodule.c
  raster.c
  sdf.c
  sfnt.c
  svg.c
  smooth.c
  truetype.c
  type1.c
  type42.c
  Generating Code...
  Compiling...
  winfnt.c
  plutovg-blend.c
  plutovg-canvas.c
  plutovg-font.c
  plutovg-ft-math.c
  plutovg-ft-raster.c
  plutovg-ft-stroker.c
  plutovg-matrix.c
  plutovg-paint.c
  plutovg-path.c
  plutovg-rasterize.c
  plutovg-surface.c
  plutosvg.c
  SDL_gpu_textengine.c
  SDL_hashtable.c
  SDL_hashtable_ttf.c
  SDL_renderer_textengine.c
  SDL_surface_textengine.c
  SDL_ttf.c
  Generating Code...
  harfbuzz.cc
  sdl3ttf.vcxproj -> C:\Users\Walker\Documents\GitHub\CUGL\external\SDL_app\buildfiles\windows\sdl3ttf\x64\Debug\sdl3ttf.lib
